    Finished `test` profile [unoptimized + debuginfo] target(s) in 0.25s
     Running unittests src/lib.rs (target/debug/deps/tests_integration-8e6253e410ffdf90)

running 1 test
Compiling test firmware test_mctp_spdm_responder_conformance
Read cached values for platform emulator: CachedValues { kernel_size: 115980, apps_offset: 1073860608, apps_size: 110320 }
Executing cd "/home/pbhogaraju/Caliptra/Caliptra_subsystem/SPDM_module/SPDM_MCTP_DOE_REFACTOR/emulator_side_refactor/caliptra-mcu-sw/platforms/emulator/runtime" && "cargo" "rustc" "--verbose" "--target=riscv32imc-unknown-none-elf" "--package" "mcu-runtime-emulator" "-Z" "build-std=core,compiler_builtins" "-Z" "build-std-features=core/optimize_for_size" "--bin" "mcu-runtime-emulator" "--release" "--features" "test-mctp-spdm-responder-conformance" "--" "-C" "link-arg=-T/home/pbhogaraju/Caliptra/Caliptra_subsystem/SPDM_module/SPDM_MCTP_DOE_REFACTOR/emulator_side_refactor/caliptra-mcu-sw/platforms/emulator/runtime/layout.ld" "-C" "link-arg=-L/home/pbhogaraju/.rustup/toolchains/nightly-2025-02-15-x86_64-unknown-linux-gnu/runtime"
       Fresh core v0.0.0 (/home/pbhogaraju/.rustup/toolchains/nightly-2025-02-15-x86_64-unknown-linux-gnu/lib/rustlib/src/rust/library/core)
       Fresh rustc-std-workspace-core v1.99.0 (/home/pbhogaraju/.rustup/toolchains/nightly-2025-02-15-x86_64-unknown-linux-gnu/lib/rustlib/src/rust/library/rustc-std-workspace-core)
       Fresh compiler_builtins v0.1.146
       Fresh unicode-ident v1.0.18
       Fresh tock-registers v0.9.0 (https://github.com/tock/tock.git?rev=b128ae817b86706c8c4e39d27fae5c54b98659f1#b128ae81)
       Fresh tock-cells v0.1.0 (https://github.com/tock/tock.git?rev=b128ae817b86706c8c4e39d27fae5c54b98659f1#b128ae81)
       Fresh tock-tbf v0.1.0 (https://github.com/tock/tock.git?rev=b128ae817b86706c8c4e39d27fae5c54b98659f1#b128ae81)
       Fresh ureg v0.1.0 (https://github.com/chipsalliance/caliptra-sw?rev=977a21dfbe129836fb930b00cf87803275255611#977a21df)
       Fresh ufmt-write v0.1.0 (https://github.com/korran/ufmt.git?rev=1d0743c1ffffc68bc05ca8eeb81c166192863f33#1d0743c1)
       Fresh autocfg v1.5.0
       Fresh caliptra-error v0.1.0 (https://github.com/chipsalliance/caliptra-sw?rev=977a21dfbe129836fb930b00cf87803275255611#977a21df)
       Fresh tickv v2.0.0 (https://github.com/tock/tock.git?rev=b128ae817b86706c8c4e39d27fae5c54b98659f1#b128ae81)
       Fresh proc-macro2 v1.0.95
       Fresh kernel v0.1.0 (https://github.com/tock/tock.git?rev=b128ae817b86706c8c4e39d27fae5c54b98659f1#b128ae81)
       Fresh caliptra-registers-latest v0.1.0 (https://github.com/chipsalliance/caliptra-sw?rev=977a21dfbe129836fb930b00cf87803275255611#977a21df)
       Fresh enum_primitive v0.1.0 (https://github.com/tock/tock.git?rev=b128ae817b86706c8c4e39d27fae5c54b98659f1#b128ae81)
       Fresh bitflags v2.9.1
       Fresh caliptra-emu-types v0.1.0 (https://github.com/chipsalliance/caliptra-sw?rev=977a21dfbe129836fb930b00cf87803275255611#977a21df)
       Fresh riscv-csr v0.1.0 (https://github.com/tock/tock.git?rev=b128ae817b86706c8c4e39d27fae5c54b98659f1#b128ae81)
       Fresh bitfield v0.14.0
       Fresh mcu-config v0.1.0 (/home/pbhogaraju/Caliptra/Caliptra_subsystem/SPDM_module/SPDM_MCTP_DOE_REFACTOR/emulator_side_refactor/caliptra-mcu-sw/common/config)
warning: unstable feature specified for `-Ctarget-feature`: `relax`
  |
  = note: this feature is not stably supported; its behavior can change in the future

warning: unstable feature specified for `-Ctarget-feature`: `unaligned-scalar-mem`
  |
  = note: this feature is not stably supported; its behavior can change in the future

       Fresh arrayvec v0.7.6
warning: `mcu-config` (lib) generated 2 warnings
       Fresh quote v1.0.40
       Fresh caliptra-registers v0.1.0 (https://github.com/chipsalliance/caliptra-sw?rev=977a21dfbe129836fb930b00cf87803275255611#977a21df)
       Fresh paste v1.0.15
       Fresh capsules-core v0.1.0 (https://github.com/tock/tock.git?rev=b128ae817b86706c8c4e39d27fae5c54b98659f1#b128ae81)
       Fresh doe-transport v0.1.0 (/home/pbhogaraju/Caliptra/Caliptra_subsystem/SPDM_module/SPDM_MCTP_DOE_REFACTOR/emulator_side_refactor/caliptra-mcu-sw/runtime/kernel/drivers/doe)
       Fresh riscv v0.1.0 (https://github.com/tock/tock.git?rev=b128ae817b86706c8c4e39d27fae5c54b98659f1#b128ae81)
       Fresh capsules-system v0.1.0 (https://github.com/tock/tock.git?rev=b128ae817b86706c8c4e39d27fae5c54b98659f1#b128ae81)
       Dirty mcu-runtime-emulator v0.1.0 (/home/pbhogaraju/Caliptra/Caliptra_subsystem/SPDM_module/SPDM_MCTP_DOE_REFACTOR/emulator_side_refactor/caliptra-mcu-sw/platforms/emulator/runtime): the file `platforms/emulator/runtime/layout.ld` has changed (1752383414.031577800s, 4h 17m 57s after last build at 1752367937.649372408s)
   Compiling mcu-runtime-emulator v0.1.0 (/home/pbhogaraju/Caliptra/Caliptra_subsystem/SPDM_module/SPDM_MCTP_DOE_REFACTOR/emulator_side_refactor/caliptra-mcu-sw/platforms/emulator/runtime)
warning: `doe-transport` (lib) generated 2 warnings (2 duplicates)
       Fresh syn v2.0.104
       Fresh syn v1.0.109
       Fresh memoffset v0.8.0
       Fresh capsules-extra v0.1.0 (https://github.com/tock/tock.git?rev=b128ae817b86706c8c4e39d27fae5c54b98659f1#b128ae81)
       Fresh rv32i v0.1.0 (https://github.com/tock/tock.git?rev=b128ae817b86706c8c4e39d27fae5c54b98659f1#b128ae81)
       Fresh zeroize_derive v1.4.2
       Fresh ufmt-macros v0.3.0 (https://github.com/korran/ufmt.git?rev=1d0743c1ffffc68bc05ca8eeb81c166192863f33#1d0743c1)
       Fresh zerocopy-derive v0.8.26
       Fresh caliptra-cfi-derive v0.1.0 (https://github.com/chipsalliance/caliptra-sw?rev=977a21dfbe129836fb930b00cf87803275255611#977a21df)
       Fresh components v0.1.0 (https://github.com/tock/tock.git?rev=b128ae817b86706c8c4e39d27fae5c54b98659f1#b128ae81)
     Running `/home/pbhogaraju/Caliptra/Caliptra_subsystem/SPDM_module/SPDM_MCTP_DOE_REFACTOR/emulator_side_refactor/caliptra-mcu-sw/target/release/build/mcu-runtime-emulator-93b137fca3a98c9a/build-script-build`
       Fresh zeroize v1.8.1
       Fresh ufmt v0.2.0 (https://github.com/korran/ufmt.git?rev=1d0743c1ffffc68bc05ca8eeb81c166192863f33#1d0743c1)
       Fresh zerocopy v0.8.26
       Fresh caliptra-cfi-lib v0.1.0 (https://github.com/chipsalliance/caliptra-sw?rev=977a21dfbe129836fb930b00cf87803275255611#977a21df)
       Fresh registers-generated v0.1.0 (/home/pbhogaraju/Caliptra/Caliptra_subsystem/SPDM_module/SPDM_MCTP_DOE_REFACTOR/emulator_side_refactor/caliptra-mcu-sw/registers/generated-firmware)
       Fresh mcu-config-emulator v0.1.0 (/home/pbhogaraju/Caliptra/Caliptra_subsystem/SPDM_module/SPDM_MCTP_DOE_REFACTOR/emulator_side_refactor/caliptra-mcu-sw/platforms/emulator/config)
warning: `registers-generated` (lib) generated 2 warnings (2 duplicates)
warning: `mcu-config-emulator` (lib) generated 2 warnings (2 duplicates)
       Fresh caliptra-lms-types v0.1.0 (https://github.com/chipsalliance/caliptra-sw?rev=977a21dfbe129836fb930b00cf87803275255611#977a21df)
       Fresh doe-mbox-driver v0.1.0 (/home/pbhogaraju/Caliptra/Caliptra_subsystem/SPDM_module/SPDM_MCTP_DOE_REFACTOR/emulator_side_refactor/caliptra-mcu-sw/platforms/emulator/runtime/kernel/drivers/doe_mbox)
warning: `doe-mbox-driver` (lib) generated 2 warnings (2 duplicates)
       Fresh caliptra-image-types v0.1.0 (https://github.com/chipsalliance/caliptra-sw?rev=977a21dfbe129836fb930b00cf87803275255611#977a21df)
       Fresh caliptra-api-types v0.1.0 (https://github.com/chipsalliance/caliptra-sw?rev=977a21dfbe129836fb930b00cf87803275255611#977a21df)
       Fresh caliptra-api v0.1.0 (https://github.com/chipsalliance/caliptra-sw?rev=977a21dfbe129836fb930b00cf87803275255611#977a21df)
       Fresh romtime v0.1.0 (/home/pbhogaraju/Caliptra/Caliptra_subsystem/SPDM_module/SPDM_MCTP_DOE_REFACTOR/emulator_side_refactor/caliptra-mcu-sw/romtime)
warning: `romtime` (lib) generated 2 warnings (2 duplicates)
       Fresh i3c-driver v0.1.0 (/home/pbhogaraju/Caliptra/Caliptra_subsystem/SPDM_module/SPDM_MCTP_DOE_REFACTOR/emulator_side_refactor/caliptra-mcu-sw/runtime/kernel/drivers/i3c)
       Fresh flash-driver v0.1.0 (/home/pbhogaraju/Caliptra/Caliptra_subsystem/SPDM_module/SPDM_MCTP_DOE_REFACTOR/emulator_side_refactor/caliptra-mcu-sw/runtime/kernel/drivers/flash)
       Fresh dma-driver v0.1.0 (/home/pbhogaraju/Caliptra/Caliptra_subsystem/SPDM_module/SPDM_MCTP_DOE_REFACTOR/emulator_side_refactor/caliptra-mcu-sw/platforms/emulator/runtime/kernel/drivers/dma)
warning: `i3c-driver` (lib) generated 2 warnings (2 duplicates)
warning: `flash-driver` (lib) generated 2 warnings (2 duplicates)
warning: `dma-driver` (lib) generated 2 warnings (2 duplicates)
       Fresh capsules-runtime v0.1.0 (/home/pbhogaraju/Caliptra/Caliptra_subsystem/SPDM_module/SPDM_MCTP_DOE_REFACTOR/emulator_side_refactor/caliptra-mcu-sw/runtime/kernel/capsules)
       Fresh capsules-emulator v0.1.0 (/home/pbhogaraju/Caliptra/Caliptra_subsystem/SPDM_module/SPDM_MCTP_DOE_REFACTOR/emulator_side_refactor/caliptra-mcu-sw/platforms/emulator/runtime/kernel/capsules)
warning: `capsules-runtime` (lib) generated 2 warnings (2 duplicates)
warning: `capsules-emulator` (lib) generated 2 warnings (2 duplicates)
       Fresh mcu-tock-veer v0.1.0 (/home/pbhogaraju/Caliptra/Caliptra_subsystem/SPDM_module/SPDM_MCTP_DOE_REFACTOR/emulator_side_refactor/caliptra-mcu-sw/runtime/kernel/veer)
warning: `mcu-tock-veer` (lib) generated 2 warnings (2 duplicates)
       Fresh mcu-components v0.1.0 (/home/pbhogaraju/Caliptra/Caliptra_subsystem/SPDM_module/SPDM_MCTP_DOE_REFACTOR/emulator_side_refactor/caliptra-mcu-sw/runtime/kernel/components)
       Fresh mcu-platforms-common v0.1.0 (/home/pbhogaraju/Caliptra/Caliptra_subsystem/SPDM_module/SPDM_MCTP_DOE_REFACTOR/emulator_side_refactor/caliptra-mcu-sw/platforms/common)
warning: `mcu-components` (lib) generated 2 warnings (2 duplicates)
warning: `mcu-platforms-common` (lib) generated 2 warnings (2 duplicates)
     Running `/home/pbhogaraju/.rustup/toolchains/nightly-2025-02-15-x86_64-unknown-linux-gnu/bin/rustc --crate-name mcu_runtime_emulator --edition=2021 platforms/emulator/runtime/src/main.rs --error-format=json --json=diagnostic-rendered-ansi,artifacts,future-incompat --crate-type bin --emit=dep-info,link -C opt-level=z -C lto -C codegen-units=1 -C debuginfo=2 --cfg 'feature="default"' --cfg 'feature="test-mctp-spdm-responder-conformance"' --check-cfg 'cfg(docsrs,test)' --check-cfg 'cfg(feature, values("default", "test-caliptra-certs", "test-caliptra-crypto", "test-caliptra-mailbox", "test-dma", "test-doe-discovery", "test-doe-transport-loopback", "test-doe-user-loopback", "test-exit-immediately", "test-flash-based-boot", "test-flash-ctrl-erase-page", "test-flash-ctrl-init", "test-flash-ctrl-read-write-page", "test-flash-storage-erase", "test-flash-storage-read-write", "test-flash-usermode", "test-i3c-constant-writes", "test-i3c-simple", "test-mctp-capsule-loopback", "test-mctp-ctrl-cmds", "test-mctp-spdm-responder-conformance", "test-mctp-user-loopback", "test-mcu-rom-flash-access", "test-pldm-discovery", "test-pldm-fw-update", "test-pldm-fw-update-e2e", "test-pldm-request-response", "test-pldm-streaming-boot"))' -C metadata=d28fdd3f7c0050e6 -C extra-filename=-bc29e9005206c0ae --out-dir /home/pbhogaraju/Caliptra/Caliptra_subsystem/SPDM_module/SPDM_MCTP_DOE_REFACTOR/emulator_side_refactor/caliptra-mcu-sw/target/riscv32imc-unknown-none-elf/release/deps --target riscv32imc-unknown-none-elf -L dependency=/home/pbhogaraju/Caliptra/Caliptra_subsystem/SPDM_module/SPDM_MCTP_DOE_REFACTOR/emulator_side_refactor/caliptra-mcu-sw/target/riscv32imc-unknown-none-elf/release/deps -L dependency=/home/pbhogaraju/Caliptra/Caliptra_subsystem/SPDM_module/SPDM_MCTP_DOE_REFACTOR/emulator_side_refactor/caliptra-mcu-sw/target/release/deps --extern arrayvec=/home/pbhogaraju/Caliptra/Caliptra_subsystem/SPDM_module/SPDM_MCTP_DOE_REFACTOR/emulator_side_refactor/caliptra-mcu-sw/target/riscv32imc-unknown-none-elf/release/deps/libarrayvec-358ef6eb4f34ba8f.rlib --extern capsules_core=/home/pbhogaraju/Caliptra/Caliptra_subsystem/SPDM_module/SPDM_MCTP_DOE_REFACTOR/emulator_side_refactor/caliptra-mcu-sw/target/riscv32imc-unknown-none-elf/release/deps/libcapsules_core-66ba02abe72576b3.rlib --extern capsules_emulator=/home/pbhogaraju/Caliptra/Caliptra_subsystem/SPDM_module/SPDM_MCTP_DOE_REFACTOR/emulator_side_refactor/caliptra-mcu-sw/target/riscv32imc-unknown-none-elf/release/deps/libcapsules_emulator-4f16f0d6779cf7cf.rlib --extern capsules_extra=/home/pbhogaraju/Caliptra/Caliptra_subsystem/SPDM_module/SPDM_MCTP_DOE_REFACTOR/emulator_side_refactor/caliptra-mcu-sw/target/riscv32imc-unknown-none-elf/release/deps/libcapsules_extra-11deb0020ba45df8.rlib --extern capsules_runtime=/home/pbhogaraju/Caliptra/Caliptra_subsystem/SPDM_module/SPDM_MCTP_DOE_REFACTOR/emulator_side_refactor/caliptra-mcu-sw/target/riscv32imc-unknown-none-elf/release/deps/libcapsules_runtime-dae497a2a342103b.rlib --extern capsules_system=/home/pbhogaraju/Caliptra/Caliptra_subsystem/SPDM_module/SPDM_MCTP_DOE_REFACTOR/emulator_side_refactor/caliptra-mcu-sw/target/riscv32imc-unknown-none-elf/release/deps/libcapsules_system-1242ecd47c0abfc2.rlib --extern 'noprelude:compiler_builtins=/home/pbhogaraju/Caliptra/Caliptra_subsystem/SPDM_module/SPDM_MCTP_DOE_REFACTOR/emulator_side_refactor/caliptra-mcu-sw/target/riscv32imc-unknown-none-elf/release/deps/libcompiler_builtins-3f1c4fdfe87df3ae.rlib' --extern components=/home/pbhogaraju/Caliptra/Caliptra_subsystem/SPDM_module/SPDM_MCTP_DOE_REFACTOR/emulator_side_refactor/caliptra-mcu-sw/target/riscv32imc-unknown-none-elf/release/deps/libcomponents-3c8815a9cb150d48.rlib --extern 'noprelude:core=/home/pbhogaraju/Caliptra/Caliptra_subsystem/SPDM_module/SPDM_MCTP_DOE_REFACTOR/emulator_side_refactor/caliptra-mcu-sw/target/riscv32imc-unknown-none-elf/release/deps/libcore-611de53e765cf5f3.rlib' --extern dma_driver=/home/pbhogaraju/Caliptra/Caliptra_subsystem/SPDM_module/SPDM_MCTP_DOE_REFACTOR/emulator_side_refactor/caliptra-mcu-sw/target/riscv32imc-unknown-none-elf/release/deps/libdma_driver-b5e90078e5f3b412.rlib --extern doe_mbox_driver=/home/pbhogaraju/Caliptra/Caliptra_subsystem/SPDM_module/SPDM_MCTP_DOE_REFACTOR/emulator_side_refactor/caliptra-mcu-sw/target/riscv32imc-unknown-none-elf/release/deps/libdoe_mbox_driver-1ed8eb5fd985d00c.rlib --extern doe_transport=/home/pbhogaraju/Caliptra/Caliptra_subsystem/SPDM_module/SPDM_MCTP_DOE_REFACTOR/emulator_side_refactor/caliptra-mcu-sw/target/riscv32imc-unknown-none-elf/release/deps/libdoe_transport-11601666c21c1408.rlib --extern flash_driver=/home/pbhogaraju/Caliptra/Caliptra_subsystem/SPDM_module/SPDM_MCTP_DOE_REFACTOR/emulator_side_refactor/caliptra-mcu-sw/target/riscv32imc-unknown-none-elf/release/deps/libflash_driver-31ed13ee147aa60b.rlib --extern i3c_driver=/home/pbhogaraju/Caliptra/Caliptra_subsystem/SPDM_module/SPDM_MCTP_DOE_REFACTOR/emulator_side_refactor/caliptra-mcu-sw/target/riscv32imc-unknown-none-elf/release/deps/libi3c_driver-ec7e820e81ce78e7.rlib --extern kernel=/home/pbhogaraju/Caliptra/Caliptra_subsystem/SPDM_module/SPDM_MCTP_DOE_REFACTOR/emulator_side_refactor/caliptra-mcu-sw/target/riscv32imc-unknown-none-elf/release/deps/libkernel-fa745dff4dbcc3e7.rlib --extern mcu_components=/home/pbhogaraju/Caliptra/Caliptra_subsystem/SPDM_module/SPDM_MCTP_DOE_REFACTOR/emulator_side_refactor/caliptra-mcu-sw/target/riscv32imc-unknown-none-elf/release/deps/libmcu_components-466681aa8ffaf850.rlib --extern mcu_config=/home/pbhogaraju/Caliptra/Caliptra_subsystem/SPDM_module/SPDM_MCTP_DOE_REFACTOR/emulator_side_refactor/caliptra-mcu-sw/target/riscv32imc-unknown-none-elf/release/deps/libmcu_config-d77e7988723b7830.rlib --extern mcu_config_emulator=/home/pbhogaraju/Caliptra/Caliptra_subsystem/SPDM_module/SPDM_MCTP_DOE_REFACTOR/emulator_side_refactor/caliptra-mcu-sw/target/riscv32imc-unknown-none-elf/release/deps/libmcu_config_emulator-1a8d6cf984be2e61.rlib --extern mcu_platforms_common=/home/pbhogaraju/Caliptra/Caliptra_subsystem/SPDM_module/SPDM_MCTP_DOE_REFACTOR/emulator_side_refactor/caliptra-mcu-sw/target/riscv32imc-unknown-none-elf/release/deps/libmcu_platforms_common-9cec38a40af2ba82.rlib --extern mcu_tock_veer=/home/pbhogaraju/Caliptra/Caliptra_subsystem/SPDM_module/SPDM_MCTP_DOE_REFACTOR/emulator_side_refactor/caliptra-mcu-sw/target/riscv32imc-unknown-none-elf/release/deps/libmcu_tock_veer-acf9d3451d2f4173.rlib --extern registers_generated=/home/pbhogaraju/Caliptra/Caliptra_subsystem/SPDM_module/SPDM_MCTP_DOE_REFACTOR/emulator_side_refactor/caliptra-mcu-sw/target/riscv32imc-unknown-none-elf/release/deps/libregisters_generated-91699898b2c57b67.rlib --extern riscv=/home/pbhogaraju/Caliptra/Caliptra_subsystem/SPDM_module/SPDM_MCTP_DOE_REFACTOR/emulator_side_refactor/caliptra-mcu-sw/target/riscv32imc-unknown-none-elf/release/deps/libriscv-282d3d72c68ba449.rlib --extern riscv_csr=/home/pbhogaraju/Caliptra/Caliptra_subsystem/SPDM_module/SPDM_MCTP_DOE_REFACTOR/emulator_side_refactor/caliptra-mcu-sw/target/riscv32imc-unknown-none-elf/release/deps/libriscv_csr-b15499fa86325954.rlib --extern romtime=/home/pbhogaraju/Caliptra/Caliptra_subsystem/SPDM_module/SPDM_MCTP_DOE_REFACTOR/emulator_side_refactor/caliptra-mcu-sw/target/riscv32imc-unknown-none-elf/release/deps/libromtime-ff0bf98ceb5bad36.rlib --extern rv32i=/home/pbhogaraju/Caliptra/Caliptra_subsystem/SPDM_module/SPDM_MCTP_DOE_REFACTOR/emulator_side_refactor/caliptra-mcu-sw/target/riscv32imc-unknown-none-elf/release/deps/librv32i-4276856caebbd84d.rlib --extern tock_registers=/home/pbhogaraju/Caliptra/Caliptra_subsystem/SPDM_module/SPDM_MCTP_DOE_REFACTOR/emulator_side_refactor/caliptra-mcu-sw/target/riscv32imc-unknown-none-elf/release/deps/libtock_registers-eab86f441d710013.rlib -Z unstable-options -C link-arg=-T/home/pbhogaraju/Caliptra/Caliptra_subsystem/SPDM_module/SPDM_MCTP_DOE_REFACTOR/emulator_side_refactor/caliptra-mcu-sw/platforms/emulator/runtime/layout.ld -C link-arg=-L/home/pbhogaraju/.rustup/toolchains/nightly-2025-02-15-x86_64-unknown-linux-gnu/runtime -C panic=abort -C target-feature=+relax,+unaligned-scalar-mem,+zba,+zbb,+zbc,+zbs -C force-frame-pointers=no -C relocation-model=static -C symbol-mangling-version=v0 -C linker=rust-lld -C linker-flavor=ld.lld -C link-arg=-nmagic -C link-arg=-icf=all`
